{
  "RSpec": {
    "coverage": {
      "/Users/alycit/PROJECTS/sudoku/sudoku.rb": [
        1,
        1,
        1,
        1,
        null,
        1,
        182,
        null,
        182,
        182,
        null,
        180,
        180,
        null,
        180,
        180,
        180,
        180,
        null,
        null,
        139,
        139,
        null,
        null,
        1,
        184,
        null,
        null,
        1,
        182,
        182,
        182,
        182,
        null,
        null,
        1,
        182,
        null,
        null,
        1,
        5096,
        null,
        null,
        1,
        364,
        null,
        null,
        1,
        182,
        null,
        null,
        1,
        0,
        null,
        null,
        null,
        null,
        1,
        183,
        null,
        null,
        1,
        185,
        null,
        null,
        1,
        44,
        null,
        null,
        1,
        44,
        null,
        null,
        1,
        2141,
        null,
        null,
        1,
        959,
        null,
        null,
        1,
        226,
        null,
        null,
        1,
        44,
        3564,
        null,
        null,
        null,
        1,
        1003,
        null,
        null,
        1,
        440,
        null,
        null,
        1,
        7674,
        null,
        null,
        1,
        3746,
        null,
        null,
        1,
        3564,
        3564,
        3564,
        null,
        null,
        null,
        null,
        1,
        184,
        1656,
        1656,
        null,
        null,
        null,
        1,
        8096,
        null,
        null,
        1,
        3680,
        null,
        null,
        1,
        1656,
        null
      ]
    },
    "timestamp": 1477246398
  }
}
